<?xml version="1.0" encoding="UTF-8"?>
<testsuite name="Cucumber" time="2.945" tests="1" skipped="0" failures="1" errors="0">
<testcase classname="limeroad order" name="To search a product for men" time="2.778">
<failure type="org.openqa.selenium.InvalidSelectorException" message="Compound class names not permitted
For documentation on this error, please visit: https://www.selenium.dev/documentation/webdriver/troubleshooting/errors#invalid-selector-exception
Build info: version: '4.10.0', revision: 'c14d967899'
System info: os.name: 'Windows 11', os.arch: 'amd64', os.version: '10.0', java.version: '17.0.7'
Driver info: driver.version: unknown">
<![CDATA[org.openqa.selenium.InvalidSelectorException: Compound class names not permitted
For documentation on this error, please visit: https://www.selenium.dev/documentation/webdriver/troubleshooting/errors#invalid-selector-exception
Build info: version: '4.10.0', revision: 'c14d967899'
System info: os.name: 'Windows 11', os.arch: 'amd64', os.version: '10.0', java.version: '17.0.7'
Driver info: driver.version: unknown
	at org.openqa.selenium.By$ByClassName.<init>(By.java:308)
	at org.openqa.selenium.By.className(By.java:99)
	at Step_Defination.Test_Steps.click_on_shop_men(Test_Steps.java:28)
	at âœ½.click on shop men(file:///C:/Users/balra/eclipse-workspace/LIME_ROAD1/src/test/resources/feature/Lime_Road.feature:5)
]]>
</failure>
<system-out><![CDATA[
Given Launch the browser....................................................passed
When user open the url "https://www.limeroad.com/"..........................passed
And click on shop men.......................................................failed
Then user should see the products displayed for men.........................skipped
]]></system-out>
</testcase>
</testsuite>
